Conversion of gen1+1_1+5b.mp4 started: 14:49:37 and took: 1694 seconds.
Conversion of gen1+1_1+5c.mp4 started: 15:17:52 and took: 1487 seconds.
Conversion of gen1+20_1+25.mp4 started: 15:42:41 and took: 1508 seconds.

Conversion of gen1+26_1+28.mp4 started: 16:52:08 and took: 34:23 (min:sec).
Conversion of gen1+28_1+31.mp4 started: 17:26:34 and took: 33:2 (min:sec).
Conversion of gen1+6_1+8.mp4 started: 17:59:40 and took: 36:10 (min:sec).
Conversion of gen10+1_10+1.mp4 started: 19:08:05 and took: 7:11 (min:sec).
Conversion of gen10+1_10+6.mp4 started: 19:15:17 and took: 6:34 (min:sec).
Conversion of gen10+7_10+32.mp4 started: 19:21:54 and took: 6:36 (min:sec).
Conversion of gen11+10_11+32.mp4 started: 19:28:32 and took: 5:12 (min:sec).
Conversion of gen11+1_11+3.mp4 started: 19:33:46 and took: 6:29 (min:sec).
Conversion of gen11+3_11+4.mp4 started: 19:40:16 and took: 5:13 (min:sec).
Conversion of gen11+5_11+9.mp4 started: 19:45:30 and took: 6:25 (min:sec).
Conversion of gen11+9_11+9.mp4 started: 19:51:56 and took: 6:19 (min:sec).
Conversion of gen12+10_12+10.mp4 started: 19:58:17 and took: 5:53 (min:sec).
Conversion of gen12+11_12+15.mp4 started: 20:04:11 and took: 5:36 (min:sec).
Conversion of gen12+16_12+20.mp4 started: 20:09:49 and took: 5:31 (min:sec).
Conversion of gen12+1_12+3.mp4 started: 20:15:23 and took: 824:1 (min:sec).
Conversion of gen12+4_12+4.mp4 started: 09:59:29 and took: 7:3 (min:sec).
Conversion of gen12+4_12+5.mp4 started: 10:06:34 and took: 7:0 (min:sec).
Conversion of gen12+5_12+9.mp4 started: 10:13:35 and took: 6:35 (min:sec).
Conversion of gen12+9_12+10.mp4 started: 10:20:12 and took: 5:49 (min:sec).
Conversion of gen1+9_1+12.mp4 started: 10:56:44 and took: 34:1 (min:sec).
Conversion of gen_intro1.mp4 started: 11:30:47 and took: 25:4 (min:sec).
Conversion of gen_intro2.mp4 started: 11:55:55 and took: 30:32 (min:sec).
Conversion of gen_intro3.mp4 started: 12:26:28 and took: 33:43 (min:sec).
Conversion of gen_intro4.mp4 started: 13:00:12 and took: 26:18 (min:sec).
Conversion of gen2+15_2+17.mp4 started: 14:11:15 and took: 8:41 (min:sec).
Conversion of gen2+18_2+18.mp4 started: 14:19:58 and took: 8:9 (min:sec).
Conversion of gen2+19_2+24.mp4 started: 14:28:09 and took: 7:39 (min:sec).
Conversion of gen2+1_2+3a.mp4 started: 14:35:49 and took: 27:27 (min:sec).
Conversion of gen2+1_2+3b.mp4 started: 15:03:18 and took: 27:38 (min:sec).
Conversion of gen2+24-2+25.mp4 started: 15:30:58 and took: 8:18 (min:sec).
Conversion of gen2+4_2+7.mp4 started: 15:39:17 and took: 7:38 (min:sec).
Conversion of gen2+8_2+15.mp4 started: 15:46:56 and took: 7:33 (min:sec).
Conversion of gen3+14_3+15.mp4 started: 15:54:31 and took: 95:45 (min:sec).
Conversion of gen3+16_3+19.mp4 started: 17:30:18 and took: 7:28 (min:sec).
Conversion of gen3+19_3+24.mp4 started: 17:37:47 and took: 6:26 (min:sec).
Conversion of gen3+1_3+1.mp4 started: 17:44:14 and took: 7:2 (min:sec).
Conversion of gen3+2_3+6.mp4 started: 17:51:18 and took: 6:51 (min:sec).
Conversion of gen3+6_3+8_.mp4 started: 17:58:11 and took: 6:57 (min:sec).
Conversion of gen3+9_3+13.mp4 started: 18:05:09 and took: 6:48 (min:sec).
Conversion of gen4+12_4+16.mp4 started: 18:34:28 and took: 7:27 (min:sec).
Conversion of gen4+16_4+17.mp4 started: 18:41:56 and took: 6:4 (min:sec).
Conversion of gen4+18_4+22.mp4 started: 18:48:02 and took: 5:40 (min:sec).
Conversion of gen4+1_4+5.mp4 started: 18:53:44 and took: 6:57 (min:sec).
Conversion of gen4+23_4+26.mp4 started: 19:00:42 and took: 5:31 (min:sec).
Conversion of gen4+5_4+12.mp4 started: 19:06:15 and took: 6:55 (min:sec).
Conversion of gen5+1_5+1.mp4 started: 19:13:11 and took: 6:55 (min:sec).
Conversion of gen5+1_5+24.mp4 started: 19:20:07 and took: 6:25 (min:sec).
Conversion of gen5+24_5+32.mp4 started: 19:26:33 and took: 6:32 (min:sec).
Conversion of gen6+17_6+18.mp4 started: 19:33:07 and took: 5:8 (min:sec).
Conversion of gen6+19_7+1.mp4 started: 19:38:16 and took: 134:22 (min:sec).
Conversion of gen6+1_6+2.mp4 started: 21:52:39 and took: 7:27 (min:sec).
Conversion of gen6+3_6+4.mp4 started: 22:00:07 and took: 7:15 (min:sec).
Conversion of gen6+5_6+12.mp4 started: 22:07:23 and took: 7:23 (min:sec).
Conversion of gen7+17_7+24.mp4 started: 22:14:47 and took: 4:56 (min:sec).
Conversion of gen7+1_7+16.mp4 started: 22:19:44 and took: 5:9 (min:sec).
Conversion of gen8+10_8+19.mp4 started: 22:24:54 and took: 5:51 (min:sec).
Conversion of gen8+1_8+9.mp4 started: 22:30:47 and took: 6:0 (min:sec).
Conversion of gen8+20_8+22.mp4 started: 22:36:49 and took: 5:49 (min:sec).
Conversion of gen9+15_9+17.mp4 started: 22:42:40 and took: 6:14 (min:sec).
Conversion of gen9+18_9+21.mp4 started: 22:48:55 and took: 5:53 (min:sec).
Conversion of gen13+10_13+13.mp4 started: 10:55:02 and took: 7:24 (min:sec).
Conversion of gen13+14_13+18.mp4 started: 11:02:28 and took: 7:10 (min:sec).
Conversion of gen13+1_13+4.mp4 started: 11:09:39 and took: 7:42 (min:sec).
Conversion of gen13+5_13+9.mp4 started: 11:17:22 and took: 7:30 (min:sec).
Conversion of gen14+14_14+16.mp4 started: 11:24:54 and took: 7:48 (min:sec).
Conversion of gen14+16_14+16.mp4 started: 11:32:44 and took: 7:3 (min:sec).
Conversion of gen14+17_14+17.mp4 started: 11:39:49 and took: 8:43 (min:sec).
Conversion of gen14+17_14+19.mp4 started: 11:48:33 and took: 5:48 (min:sec).
Conversion of gen14+18_14+20a.mp4 started: 11:54:25 and took: 6:8 (min:sec).
Conversion of gen14+18_14+20b.mp4 started: 12:00:34 and took: 5:59 (min:sec).
Conversion of gen14+18_14+20c.mp4 started: 12:06:34 and took: 5:54 (min:sec).
Conversion of gen14+18_14+20d.mp4 started: 12:12:30 and took: 6:17 (min:sec).
Conversion of gen14+19_14+20.mp4 started: 12:18:49 and took: 6:15 (min:sec).
Conversion of gen14+1_14+4.mp4 started: 12:25:06 and took: 4:6 (min:sec).
Conversion of gen14+20_14+24.mp4 started: 12:29:14 and took: 5:44 (min:sec).
Conversion of gen14+5_14+7.mp4 started: 12:34:59 and took: 5:57 (min:sec).
Conversion of gen14+8_14+14.mp4 started: 12:40:57 and took: 5:54 (min:sec).
Conversion of gen9+1_9+3.mp4 started: 12:46:52 and took: 225:1 (min:sec).
Conversion of gen9+21_9+21.mp4 started: 16:31:55 and took: 7:6 (min:sec).
Conversion of gen9+21_9+24.mp4 started: 16:39:04 and took: 8:56 (min:sec).
Conversion of gen9+24_9+29.mp4 started: 16:48:01 and took: 6:30 (min:sec).
Conversion of gen9+3_9+6.mp4 started: 16:54:33 and took: 5:58 (min:sec).
Conversion of gen9+6_9+15.mp4 started: 17:00:32 and took: 6:1 (min:sec).
Conversion of gen15+11_15+13.mp4 started: 21:11:26 and took: 5:19 (min:sec).
Conversion of gen15+13_15+16.mp4 started: 21:16:48 and took: 4:49 (min:sec).
Conversion of gen15+17_15+21.mp4 started: 21:21:40 and took: 5:34 (min:sec).
Conversion of gen15+1_15+1.mp4 started: 21:27:16 and took: 6:50 (min:sec).
Conversion of gen15+1_15+4.mp4 started: 21:34:08 and took: 6:54 (min:sec).
Conversion of gen15+5_15+6.mp4 started: 21:41:03 and took: 6:50 (min:sec).
Conversion of gen15+6_15+10.mp4 started: 21:47:55 and took: 5:3 (min:sec).
Conversion of gen16+10_16+16.mp4 started: 21:53:00 and took: 6:30 (min:sec).
Conversion of gen16+1_16+2.mp4 started: 21:59:31 and took: 6:50 (min:sec).
Conversion of gen16+3_16+9.mp4 started: 22:06:23 and took: 6:10 (min:sec).
Conversion of gen17+15_17+27.mp4 started: 08:05:17 and took: 6:38 (min:sec).
Conversion of gen17+1_17+1.mp4 started: 08:11:56 and took: 6:47 (min:sec).
Conversion of gen17+2_17+14.mp4 started: 08:18:46 and took: 7:11 (min:sec).
Conversion of gen18+16_18+19.mp4 started: 08:25:58 and took: 4:59 (min:sec).
Conversion of gen18+19_18+25.mp4 started: 08:30:58 and took: 5:16 (min:sec).
Conversion of gen18+1_18+2.mp4 started: 08:36:16 and took: 6:46 (min:sec).
Conversion of gen18+26_18+33.mp4 started: 08:43:04 and took: 5:1 (min:sec).
Conversion of gen18+3_18+8.mp4 started: 08:48:07 and took: 7:42 (min:sec).
Conversion of gen18+9_18+15.mp4 started: 08:55:50 and took: 6:32 (min:sec).
Conversion of gen19+10_19+22.mp4 started: 09:07:43 and took: 5:27 (min:sec).
Conversion of gen19+1_19+2.mp4 started: 09:13:11 and took: 5:33 (min:sec).
Conversion of gen19+23_19+38.mp4 started: 09:18:46 and took: 5:21 (min:sec).
Conversion of gen19+3_19+9.mp4 started: 09:24:09 and took: 5:59 (min:sec).
Conversion of gen20+11_20+13.mp4 started: 09:30:09 and took: 5:45 (min:sec).
Conversion of gen20+14_20+18.mp4 started: 09:35:55 and took: 5:30 (min:sec).
Conversion of gen20+1_20+3.mp4 started: 09:41:27 and took: 5:50 (min:sec).
Conversion of gen20+4_20+10.mp4 started: 09:47:19 and took: 5:31 (min:sec).
Conversion of gen21+10_21+14.mp4 started: 09:52:52 and took: 5:12 (min:sec).
Conversion of gen21+14_21+14.mp4 started: 09:58:05 and took: 5:13 (min:sec).
Conversion of gen21+15_21+21.mp4 started: 10:03:19 and took: 5:14 (min:sec).
Conversion of gen21+1_21+6.mp4 started: 10:08:35 and took: 6:27 (min:sec).
Conversion of gen21+22_21+24.mp4 started: 10:15:03 and took: 6:12 (min:sec).
Conversion of gen21+25_21+30.mp4 started: 10:21:16 and took: 5:27 (min:sec).
Conversion of gen21+31_21+34.mp4 started: 10:26:44 and took: 6:3 (min:sec).
Conversion of gen21+7_21+8.mp4 started: 10:32:49 and took: 6:15 (min:sec).
Conversion of gen21+8_21+10.mp4 started: 10:39:06 and took: 5:30 (min:sec).
Conversion of gen21+8_21+8.mp4 started: 10:44:37 and took: 6:16 (min:sec).
Conversion of gen9+1_9+3.mp4 started: 11:18:42 and took: 6:39 (min:sec).
Conversion of gen1+12_1+19.mp4 started: 11:43:15 and took: 28:18 (min:sec).
Conversion of gen1+1_1+1a.mp4 started: 12:11:36 and took: 34:52 (min:sec).
Conversion of gen1+1_1+1b.mp4 started: 12:46:29 and took: 25:51 (min:sec).
Conversion of gen1+1_1+1c.mp4 started: 13:12:22 and took: 28:53 (min:sec).
Conversion of gen1+1_1+5a.mp4 started: 13:41:17 and took: 25:22 (min:sec).
Conversion of gen1+1_1+5b.mp4 started: 14:06:41 and took: 34:1 (min:sec).
Conversion of gen1+1_1+5c.mp4 started: 14:40:45 and took: 34:54 (min:sec).
Conversion of gen1+20_1+25.mp4 started: 15:15:41 and took: 33:36 (min:sec).
Conversion of gen1+26_1+28.mp4 started: 15:49:18 and took: 34:22 (min:sec).
Conversion of gen1+28_1+31.mp4 started: 16:23:43 and took: 31:52 (min:sec).
Conversion of gen1+6_1+8.mp4 started: 16:55:36 and took: 35:52 (min:sec).
Conversion of gen10+1_10+1.mp4 started: 17:55:13 and took: 8:28 (min:sec).
Conversion of gen10+1_10+6.mp4 started: 18:03:43 and took: 8:43 (min:sec).
Conversion of gen10+7_10+32.mp4 started: 18:12:27 and took: 6:28 (min:sec).
Conversion of gen11+10_11+32.mp4 started: 18:18:56 and took: 5:15 (min:sec).
Conversion of gen11+1_11+3.mp4 started: 18:24:12 and took: 6:26 (min:sec).
Conversion of gen11+3_11+4.mp4 started: 18:30:39 and took: 5:15 (min:sec).
Conversion of gen11+5_11+9.mp4 started: 18:35:56 and took: 6:21 (min:sec).
Conversion of gen11+9_11+9.mp4 started: 18:42:19 and took: 6:19 (min:sec).
Conversion of gen12+10_12+10.mp4 started: 18:48:40 and took: 5:55 (min:sec).
Conversion of gen12+11_12+15.mp4 started: 18:54:36 and took: 5:34 (min:sec).
Conversion of gen12+16_12+20.mp4 started: 19:00:12 and took: 5:30 (min:sec).
Conversion of gen12+1_12+3.mp4 started: 20:27:11 and took: 7:47 (min:sec).
Conversion of gen12+4_12+4.mp4 started: 20:35:00 and took: 6:39 (min:sec).
Conversion of gen12+4_12+5.mp4 started: 20:41:40 and took: 6:0 (min:sec).
Conversion of gen12+5_12+9.mp4 started: 20:47:41 and took: 6:17 (min:sec).
Conversion of gen12+9_12+10.mp4 started: 20:54:00 and took: 5:21 (min:sec).
